0 info it worked if it ends with ok
1 verbose cli [ '/Users/adam/.nvm/versions/node/v6.2.1/bin/node',
1 verbose cli   '/Users/adam/.nvm/versions/node/v6.2.1/bin/npm',
1 verbose cli   'publish' ]
2 info using npm@3.9.3
3 info using node@v6.2.1
4 verbose publish [ '.' ]
5 silly cache add args [ '.', null ]
6 verbose cache add spec .
7 silly cache add parsed spec Result {
7 silly cache add   raw: '.',
7 silly cache add   scope: null,
7 silly cache add   name: null,
7 silly cache add   rawSpec: '.',
7 silly cache add   spec: '/Users/adam/Development/dashr/widgets/world-pool-championships',
7 silly cache add   type: 'directory' }
8 verbose addLocalDirectory /Users/adam/.npm/dashr-widget-World-Pool-Championships/0.0.0/package.tgz not in flight; packing
9 verbose correctMkdir /Users/adam/.npm correctMkdir not in flight; initializing
10 info lifecycle dashr-widget-World-Pool-Championships@0.0.0~prepublish: dashr-widget-World-Pool-Championships@0.0.0
11 verbose lifecycle dashr-widget-World-Pool-Championships@0.0.0~prepublish: unsafe-perm in lifecycle true
12 verbose lifecycle dashr-widget-World-Pool-Championships@0.0.0~prepublish: PATH: /Users/adam/.nvm/versions/node/v6.2.1/lib/node_modules/npm/bin/node-gyp-bin:/Users/adam/Development/dashr/widgets/world-pool-championships/node_modules/.bin:/Users/adam/.nvm/versions/node/v6.2.1/bin:/Users/adam/.rvm/gems/ruby-2.3.1/bin:/Users/adam/.rvm/gems/ruby-2.3.1@global/bin:/Users/adam/.rvm/rubies/ruby-2.3.1/bin:/Users/adam/.nvm/versions/node/v6.2.1/bin:/usr/local/bin:/usr/local/sbin:/usr/bin:/bin:/usr/sbin:/sbin:/Users/adam/.rvm/bin
13 verbose lifecycle dashr-widget-World-Pool-Championships@0.0.0~prepublish: CWD: /Users/adam/Development/dashr/widgets/world-pool-championships
14 silly lifecycle dashr-widget-World-Pool-Championships@0.0.0~prepublish: Args: [ '-c', 'npm run build' ]
15 silly lifecycle dashr-widget-World-Pool-Championships@0.0.0~prepublish: Returned: code: 0  signal: null
16 verbose tar pack [ '/Users/adam/.npm/dashr-widget-World-Pool-Championships/0.0.0/package.tgz',
16 verbose tar pack   '/Users/adam/Development/dashr/widgets/world-pool-championships' ]
17 verbose tarball /Users/adam/.npm/dashr-widget-World-Pool-Championships/0.0.0/package.tgz
18 verbose folder /Users/adam/Development/dashr/widgets/world-pool-championships
19 verbose addLocalTarball adding from inside cache /Users/adam/.npm/dashr-widget-World-Pool-Championships/0.0.0/package.tgz
20 verbose correctMkdir /Users/adam/.npm correctMkdir not in flight; initializing
21 silly cache afterAdd dashr-widget-World-Pool-Championships@0.0.0
22 verbose afterAdd /Users/adam/.npm/dashr-widget-World-Pool-Championships/0.0.0/package/package.json not in flight; writing
23 verbose correctMkdir /Users/adam/.npm correctMkdir not in flight; initializing
24 verbose afterAdd /Users/adam/.npm/dashr-widget-World-Pool-Championships/0.0.0/package/package.json written
25 silly publish { name: 'dashr-widget-World-Pool-Championships',
25 silly publish   productName: 'World Pool Championships',
25 silly publish   version: '0.0.0',
25 silly publish   description: 'The latest pool results between Sam &amp; Adam.',
25 silly publish   main: 'build/components/CoreWidget.js',
25 silly publish   scripts:
25 silly publish    { build: 'gulp build',
25 silly publish      lint: 'eslint src',
25 silly publish      prepublish: 'npm run build',
25 silly publish      start: 'gulp start',
25 silly publish      test: 'npm run lint',
25 silly publish      watch: 'gulp watch' },
25 silly publish   keywords: [],
25 silly publish   author: { name: 'Adam McArthur' },
25 silly publish   license: 'MIT',
25 silly publish   devDependencies:
25 silly publish    { 'babel-eslint': '^6.1.2',
25 silly publish      'babel-plugin-transform-class-properties': '^6.11.5',
25 silly publish      'babel-preset-es2015': '^6.9.0',
25 silly publish      'babel-preset-react': '^6.11.1',
25 silly publish      'browser-sync': '^2.13.0',
25 silly publish      eslint: '^2.11.1',
25 silly publish      'eslint-config-airbnb': '^9.0.1',
25 silly publish      'eslint-plugin-import': '^1.8.1',
25 silly publish      'eslint-plugin-jsx-a11y': '^1.2.0',
25 silly publish      'eslint-plugin-react': '^5.0.1',
25 silly publish      gulp: '^3.9.1',
25 silly publish      'gulp-babel': '^6.1.2',
25 silly publish      'gulp-browserify': '^0.5.1',
25 silly publish      'gulp-concat': '^2.6.0',
25 silly publish      'gulp-less': '^3.1.0' },
25 silly publish   dependencies:
25 silly publish    { jquery: '^2.1.4',
25 silly publish      react: '^15.2.1',
25 silly publish      'react-dom': '^15.2.1',
25 silly publish      uikit: '^2.26.4' },
25 silly publish   babel:
25 silly publish    { presets: [ 'es2015', 'react' ],
25 silly publish      plugins: [ 'transform-class-properties' ] },
25 silly publish   readme: 'World Pool Championships\r\n---------------------------\r\n\r\nThis application is the API endpoint for Sam & Adam\'s pool scores, running on the\r\n[Dashr](https://github.com/dashrlabs) widget platform for Google Chrome.\r\n\r\nLicense\r\n-------\r\n\r\nThe MIT License (MIT)\r\n\r\nCopyright (c) 2016 Adam McArthur\r\n\r\nPermission is hereby granted, free of charge, to any person obtaining a copy of\r\nthis software and associated documentation files (the "Software"), to deal in\r\nthe Software without restriction, including without limitation the rights to\r\nuse, copy, modify, merge, publish, distribute, sublicense, and/or sell copies of\r\nthe Software, and to permit persons to whom the Software is furnished to do so,\r\nsubject to the following conditions:\r\n\r\nThe above copyright notice and this permission notice shall be included in all\r\ncopies or substantial portions of the Software.\r\n\r\nTHE SOFTWARE IS PROVIDED "AS IS", WITHOUT WARRANTY OF ANY KIND, EXPRESS OR\r\nIMPLIED, INCLUDING BUT NOT LIMITED TO THE WARRANTIES OF MERCHANTABILITY, FITNESS\r\nFOR A PARTICULAR PURPOSE AND NONINFRINGEMENT. IN NO EVENT SHALL THE AUTHORS OR\r\nCOPYRIGHT HOLDERS BE LIABLE FOR ANY CLAIM, DAMAGES OR OTHER LIABILITY, WHETHER\r\nIN AN ACTION OF CONTRACT, TORT OR OTHERWISE, ARISING FROM, OUT OF OR IN\r\nCONNECTION WITH THE SOFTWARE OR THE USE OR OTHER DEALINGS IN THE SOFTWARE.\r\n',
25 silly publish   readmeFilename: 'README.md',
25 silly publish   gitHead: '3a0016ce6f1bf77ebf729ab7941f0aeeeaedf380',
25 silly publish   _id: 'dashr-widget-World-Pool-Championships@0.0.0',
25 silly publish   _shasum: '1b60c786ea4a91311a8e07f6cf19242e2cea2528',
25 silly publish   _from: '.' }
26 verbose getPublishConfig undefined
27 silly mapToRegistry name dashr-widget-World-Pool-Championships
28 silly mapToRegistry using default registry
29 silly mapToRegistry registry https://registry.npmjs.org/
30 silly mapToRegistry data Result {
30 silly mapToRegistry   raw: 'dashr-widget-World-Pool-Championships',
30 silly mapToRegistry   scope: null,
30 silly mapToRegistry   name: 'dashr-widget-World-Pool-Championships',
30 silly mapToRegistry   rawSpec: '',
30 silly mapToRegistry   spec: 'latest',
30 silly mapToRegistry   type: 'tag' }
31 silly mapToRegistry uri https://registry.npmjs.org/dashr-widget-World-Pool-Championships
32 verbose publish registryBase https://registry.npmjs.org/
33 silly publish uploading /Users/adam/.npm/dashr-widget-World-Pool-Championships/0.0.0/package.tgz
34 verbose stack Error: auth required for publishing
34 verbose stack     at CachingRegistryClient.publish (/Users/adam/.nvm/versions/node/v6.2.1/lib/node_modules/npm/node_modules/npm-registry-client/lib/publish.js:30:14)
34 verbose stack     at /Users/adam/.nvm/versions/node/v6.2.1/lib/node_modules/npm/lib/publish.js:137:14
34 verbose stack     at mapToRegistry (/Users/adam/.nvm/versions/node/v6.2.1/lib/node_modules/npm/lib/utils/map-to-registry.js:62:3)
34 verbose stack     at publish_ (/Users/adam/.nvm/versions/node/v6.2.1/lib/node_modules/npm/lib/publish.js:106:3)
34 verbose stack     at Array.<anonymous> (/Users/adam/.nvm/versions/node/v6.2.1/lib/node_modules/npm/node_modules/slide/lib/bind-actor.js:15:8)
34 verbose stack     at LOOP (/Users/adam/.nvm/versions/node/v6.2.1/lib/node_modules/npm/node_modules/slide/lib/chain.js:15:14)
34 verbose stack     at LOOP (/Users/adam/.nvm/versions/node/v6.2.1/lib/node_modules/npm/node_modules/slide/lib/chain.js:14:28)
34 verbose stack     at chain (/Users/adam/.nvm/versions/node/v6.2.1/lib/node_modules/npm/node_modules/slide/lib/chain.js:20:5)
34 verbose stack     at /Users/adam/.nvm/versions/node/v6.2.1/lib/node_modules/npm/lib/publish.js:72:5
34 verbose stack     at RES (/Users/adam/.nvm/versions/node/v6.2.1/lib/node_modules/npm/node_modules/inflight/inflight.js:23:14)
35 verbose cwd /Users/adam/Development/dashr/widgets/world-pool-championships
36 error Darwin 15.3.0
37 error argv "/Users/adam/.nvm/versions/node/v6.2.1/bin/node" "/Users/adam/.nvm/versions/node/v6.2.1/bin/npm" "publish"
38 error node v6.2.1
39 error npm  v3.9.3
40 error code ENEEDAUTH
41 error need auth auth required for publishing
42 error need auth You need to authorize this machine using `npm adduser`
43 verbose exit [ 1, true ]
